<?xml version="1.0" encoding="UTF-8"?>
<!-- Generated by org.testng.reporters.JUnitReportReporter -->
<testsuite hostname="Swapnil" name="com.qa.hotspot.tests.LoginPageTest" tests="2" failures="0" timestamp="12 Jan 2020 08:05:55 GMT" time="58.900" errors="0">
  <testcase name="verifydoLoginTest" time="34.427" classname="com.qa.hotspot.tests.LoginPageTest"/>
  <testcase name="verifyLoginPageTitleTest" time="24.473" classname="com.qa.hotspot.tests.LoginPageTest"/>
</testsuite> <!-- com.qa.hotspot.tests.LoginPageTest -->
