<?xml version="1.0" encoding="UTF-8"?>
<!-- Generated by org.testng.reporters.JUnitReportReporter -->
<testsuite hostname="Swapnil" name="com.qa.hotspot.tests.HomePageTest" tests="2" failures="0" timestamp="12 Jan 2020 10:58:09 GMT" time="69.798" errors="0">
  <testcase name="homePageTitleTest" time="31.547" classname="com.qa.hotspot.tests.HomePageTest"/>
  <testcase name="verifyHomePageDisplayTest" time="38.251" classname="com.qa.hotspot.tests.HomePageTest"/>
</testsuite> <!-- com.qa.hotspot.tests.HomePageTest -->
