<?xml version="1.0" encoding="UTF-8"?>
<!-- Generated by org.testng.reporters.JUnitReportReporter -->
<testsuite skipped="0" hostname="Swapnil" name="com.crm.qa.testcases.TasksPageTest" tests="9" failures="0" timestamp="10 Apr 2020 11:56:43 GMT" time="408.739" errors="0">
  <testcase name="verifyTaskLabelTest" time="32.654" classname="com.crm.qa.testcases.TasksPageTest"/>
  <testcase name="VerifycreateNewTaskByBtn" time="48.056" classname="com.crm.qa.testcases.TasksPageTest"/>
  <testcase name="VerifycreateNewTaskByBtn" time="48.289" classname="com.crm.qa.testcases.TasksPageTest"/>
  <testcase name="VerifycreateNewTaskByBtn" time="47.703" classname="com.crm.qa.testcases.TasksPageTest"/>
  <testcase name="VerifycreateNewTaskByBtn" time="44.548" classname="com.crm.qa.testcases.TasksPageTest"/>
  <testcase name="VerifycreateNewTaskByBtn" time="50.507" classname="com.crm.qa.testcases.TasksPageTest"/>
  <testcase name="VerifycreateNewTaskByBtn" time="44.689" classname="com.crm.qa.testcases.TasksPageTest"/>
  <testcase name="VerifycreateNewTaskByBtn" time="45.055" classname="com.crm.qa.testcases.TasksPageTest"/>
  <testcase name="verifyClickOnTask" time="47.238" classname="com.crm.qa.testcases.TasksPageTest"/>
</testsuite> <!-- com.crm.qa.testcases.TasksPageTest -->
