<?xml version="1.0" encoding="UTF-8"?>
<!-- Generated by org.testng.reporters.JUnitReportReporter -->
<testsuite skipped="0" hostname="Swapnil" name="com.crm.qa.testcases.HomePageTest" tests="4" failures="0" timestamp="10 Apr 2020 11:56:43 GMT" time="141.240" errors="0">
  <testcase name="verifyHomePageTitleTest" time="32.867" classname="com.crm.qa.testcases.HomePageTest"/>
  <testcase name="userNameLabelTest" time="35.928" classname="com.crm.qa.testcases.HomePageTest"/>
  <testcase name="verifyclickOnTaskLinkTest" time="36.434" classname="com.crm.qa.testcases.HomePageTest"/>
  <testcase name="verifyContactLinkClickTest" time="36.011" classname="com.crm.qa.testcases.HomePageTest"/>
</testsuite> <!-- com.crm.qa.testcases.HomePageTest -->
