<?xml version="1.0" encoding="UTF-8"?>
<!-- Generated by org.testng.reporters.JUnitReportReporter -->
<testsuite skipped="0" hostname="Swapnil" name="com.testng.GoogleTitleTest" tests="2" failures="0" timestamp="10 Apr 2020 09:30:42 GMT" time="29.118" errors="0">
  <testcase name="googleTitleTest" time="17.032" classname="com.testng.GoogleTitleTest"/>
  <testcase name="googleLogoTest" time="12.086" classname="com.testng.GoogleTitleTest"/>
</testsuite> <!-- com.testng.GoogleTitleTest -->
