<?xml version="1.0" encoding="UTF-8"?>
<!-- Generated by org.testng.reporters.JUnitReportReporter -->
<testsuite skipped="0" hostname="Swapnil" name="com.testng.ExceptionTimeOutTest" tests="1" failures="0" timestamp="20 Mar 2020 18:48:06 GMT" time="0.041" errors="0">
  <testcase name="test1" time="0.041" classname="com.testng.ExceptionTimeOutTest"/>
</testsuite> <!-- com.testng.ExceptionTimeOutTest -->
