<?xml version="1.0" encoding="UTF-8"?>
<!-- Generated by org.testng.reporters.JUnitReportReporter -->
<testsuite skipped="0" hostname="Swapnil" name="com.testng.InvocationCountTest" tests="11" failures="0" timestamp="01 Apr 2020 06:41:44 GMT" time="0.132" errors="0">
  <testcase name="sum" time="0.009" classname="com.testng.InvocationCountTest"/>
  <testcase name="sum" time="0.006" classname="com.testng.InvocationCountTest"/>
  <testcase name="sum" time="0.007" classname="com.testng.InvocationCountTest"/>
  <testcase name="sum" time="0.044" classname="com.testng.InvocationCountTest"/>
  <testcase name="sum" time="0.006" classname="com.testng.InvocationCountTest"/>
  <testcase name="sum" time="0.008" classname="com.testng.InvocationCountTest"/>
  <testcase name="sum" time="0.008" classname="com.testng.InvocationCountTest"/>
  <testcase name="sum" time="0.004" classname="com.testng.InvocationCountTest"/>
  <testcase name="sum" time="0.015" classname="com.testng.InvocationCountTest"/>
  <testcase name="sum" time="0.019" classname="com.testng.InvocationCountTest"/>
  <testcase name="sum1" time="0.006" classname="com.testng.InvocationCountTest"/>
</testsuite> <!-- com.testng.InvocationCountTest -->
