<?xml version="1.0" encoding="UTF-8"?>
<!-- Generated by org.testng.reporters.JUnitReportReporter -->
<testsuite skipped="0" hostname="Swapnil" name="com.parameters.ParameterTest" tests="1" failures="0" timestamp="08 Feb 2020 15:57:12 GMT" time="20.161" errors="0">
  <testcase name="yahooLoginTest" time="20.161" classname="com.parameters.ParameterTest"/>
</testsuite> <!-- com.parameters.ParameterTest -->
