<?xml version="1.0" encoding="UTF-8"?>
<!-- Generated by org.testng.reporters.JUnitReportReporter -->
<testsuite skipped="0" hostname="Swapnil" name="SeleniumCases.ReadTextFile" tests="1" failures="0" timestamp="09 Mar 2020 05:36:20 GMT" time="0.148" errors="0">
  <testcase name="verifyDeptCode" time="0.148" classname="SeleniumCases.ReadTextFile"/>
</testsuite> <!-- SeleniumCases.ReadTextFile -->
