<?xml version="1.0" encoding="UTF-8"?>
<!-- Generated by org.testng.reporters.JUnitReportReporter -->
<testsuite skipped="0" hostname="Swapnil" name="com.testng.TestNgFeatures" tests="1" failures="0" timestamp="08 Feb 2020 11:55:19 GMT" time="0.002" errors="0">
  <testcase name="loginPageTest" time="0.002" classname="com.testng.TestNgFeatures"/>
</testsuite> <!-- com.testng.TestNgFeatures -->
