<?xml version="1.0" encoding="UTF-8"?>
<!-- Generated by org.testng.reporters.JUnitReportReporter -->
<testsuite skipped="0" hostname="Swapnil" name="TestNGTDDFramework.yahooMailTest" tests="2" failures="0" timestamp="09 Feb 2020 07:01:07 GMT" time="0.064" errors="0">
  <testcase name="deleteMail" time="0.038" classname="TestNGTDDFramework.yahooMailTest"/>
  <testcase name="composeMailTest" time="0.026" classname="TestNGTDDFramework.yahooMailTest"/>
</testsuite> <!-- TestNGTDDFramework.yahooMailTest -->
