<?xml version="1.0" encoding="UTF-8"?>
<!-- Generated by org.testng.reporters.JUnitReportReporter -->
<testsuite skipped="0" hostname="Swapnil" name="com.testng.TestNgBasics" tests="3" failures="0" timestamp="20 Mar 2020 19:01:28 GMT" time="0.048" errors="0">
  <testcase name="googleTitleTest" time="0.012" classname="com.testng.TestNgBasics"/>
  <testcase name="searchTest" time="0.011" classname="com.testng.TestNgBasics"/>
  <testcase name="googleLogoTest" time="0.025" classname="com.testng.TestNgBasics"/>
</testsuite> <!-- com.testng.TestNgBasics -->
