<?xml version="1.0" encoding="UTF-8"?>
<!-- Generated by org.testng.reporters.JUnitReportReporter -->
<testsuite skipped="0" hostname="Swapnil" name="com.parallelTest.TestParallelOne" tests="2" failures="0" timestamp="01 Apr 2020 06:34:20 GMT" time="0.062" errors="0">
  <testcase name="testCaseOne" time="0.047" classname="com.parallelTest.TestParallelOne"/>
  <testcase name="testCaseTwo" time="0.015" classname="com.parallelTest.TestParallelOne"/>
</testsuite> <!-- com.parallelTest.TestParallelOne -->
